-- Found ament_cmake: 1.3.5 (/opt/ros/humble/share/ament_cmake/cmake)
-- Override CMake install command with custom implementation using symlinks instead of copying resources
-- Found rosidl_default_generators: 1.2.0 (/opt/ros/humble/share/rosidl_default_generators/cmake)
-- Using all available rosidl_typesupport_c: rosidl_typesupport_fastrtps_c;rosidl_typesupport_introspection_c
-- Found rosidl_adapter: 3.1.5 (/opt/ros/humble/share/rosidl_adapter/cmake)
-- Using all available rosidl_typesupport_cpp: rosidl_typesupport_fastrtps_cpp;rosidl_typesupport_introspection_cpp
-- Found ament_cmake_ros: 0.10.0 (/opt/ros/humble/share/ament_cmake_ros/cmake)
-- Using all available rosidl_typesupport_c: rosidl_typesupport_fastrtps_c;rosidl_typesupport_introspection_c
-- Using all available rosidl_typesupport_cpp: rosidl_typesupport_fastrtps_cpp;rosidl_typesupport_introspection_cpp
-- Found python_cmake_module: 0.10.0 (/opt/ros/humble/share/python_cmake_module/cmake)
-- Using PYTHON_EXECUTABLE: /usr/bin/python3
-- Using PYTHON_INCLUDE_DIRS: /usr/include/python3.10
-- Using PYTHON_LIBRARIES: /usr/lib/x86_64-linux-gnu/libpython3.10.so
-- Configuring done
-- Generating done
-- Build files have been written to: /mac_remote/ws/build/mac_messages
[35m[1mConsolidate compiler generated dependencies of target mac_messages__rosidl_generator_c[0m
failed to create symbolic link '/mac_remote/ws/build/mac_messages/ament_cmake_python/mac_messages/mac_messages' because existing path cannot be removed: Is a directory
[  3%] Built target mac_messages__cpp
gmake[2]: *** [CMakeFiles/ament_cmake_python_symlink_mac_messages.dir/build.make:70: CMakeFiles/ament_cmake_python_symlink_mac_messages] Error 1
gmake[1]: *** [CMakeFiles/Makefile2:421: CMakeFiles/ament_cmake_python_symlink_mac_messages.dir/all] Error 2
gmake[1]: *** Waiting for unfinished jobs....
[ 12%] Built target mac_messages__rosidl_generator_c
gmake: *** [Makefile:146: all] Error 2
