[3.921s] DEBUG:colcon:Command line arguments: ['/usr/bin/colcon', 'build']
[3.921s] DEBUG:colcon:Parsed command line arguments: Namespace(log_base=None, log_level=None, verb_name='build', build_base='build', install_base='install', merge_install=False, symlink_install=False, test_result_base=None, continue_on_error=False, executor='parallel', parallel_workers=12, event_handlers=None, ignore_user_meta=False, metas=['./colcon.meta'], base_paths=['.'], packages_ignore=None, packages_ignore_regex=None, paths=None, packages_up_to=None, packages_up_to_regex=None, packages_above=None, packages_above_and_dependencies=None, packages_above_depth=None, packages_select_by_dep=None, packages_skip_by_dep=None, packages_skip_up_to=None, packages_select_build_failed=False, packages_skip_build_finished=False, packages_select_test_failures=False, packages_skip_test_passed=False, packages_select=None, packages_skip=None, packages_select_regex=None, packages_skip_regex=None, packages_start=None, packages_end=None, allow_overriding=[], cmake_args=None, cmake_target=None, cmake_target_skip_unavailable=False, cmake_clean_cache=False, cmake_clean_first=False, cmake_force_configure=False, ament_cmake_args=None, catkin_cmake_args=None, catkin_skip_building_tests=False, verb_parser=<colcon_defaults.argument_parser.defaults.DefaultArgumentsDecorator object at 0x7fed3ac6dff0>, verb_extension=<colcon_core.verb.build.BuildVerb object at 0x7fed3abe5690>, main=<bound method BuildVerb.main of <colcon_core.verb.build.BuildVerb object at 0x7fed3abe5690>>)
[4.211s] Level 1:colcon.colcon_core.package_discovery:discover_packages(colcon_meta) check parameters
[4.211s] Level 1:colcon.colcon_core.package_discovery:discover_packages(recursive) check parameters
[4.211s] Level 1:colcon.colcon_core.package_discovery:discover_packages(ignore) check parameters
[4.211s] Level 1:colcon.colcon_core.package_discovery:discover_packages(path) check parameters
[4.211s] Level 1:colcon.colcon_core.package_discovery:discover_packages(colcon_meta) discover
[4.211s] Level 1:colcon.colcon_core.package_discovery:discover_packages(recursive) discover
[4.211s] INFO:colcon.colcon_core.package_discovery:Crawling recursively for packages in '/home/dan/MacEwan-Navigation-Bot/remote_setup/ws'
[4.211s] Level 1:colcon.colcon_core.package_identification:_identify(.) by extensions ['ignore', 'ignore_ament_install']
[4.211s] Level 1:colcon.colcon_core.package_identification:_identify(.) by extension 'ignore'
[4.211s] Level 1:colcon.colcon_core.package_identification:_identify(.) by extension 'ignore_ament_install'
[4.212s] Level 1:colcon.colcon_core.package_identification:_identify(.) by extensions ['colcon_pkg']
[4.212s] Level 1:colcon.colcon_core.package_identification:_identify(.) by extension 'colcon_pkg'
[4.212s] Level 1:colcon.colcon_core.package_identification:_identify(.) by extensions ['colcon_meta']
[4.212s] Level 1:colcon.colcon_core.package_identification:_identify(.) by extension 'colcon_meta'
[4.212s] Level 1:colcon.colcon_core.package_identification:_identify(.) by extensions ['ros']
[4.212s] Level 1:colcon.colcon_core.package_identification:_identify(.) by extension 'ros'
[4.240s] Level 1:colcon.colcon_core.package_identification:_identify(.) by extensions ['cmake', 'python']
[4.240s] Level 1:colcon.colcon_core.package_identification:_identify(.) by extension 'cmake'
[4.240s] Level 1:colcon.colcon_core.package_identification:_identify(.) by extension 'python'
[4.240s] Level 1:colcon.colcon_core.package_identification:_identify(.) by extensions ['python_setup_py']
[4.240s] Level 1:colcon.colcon_core.package_identification:_identify(.) by extension 'python_setup_py'
[4.240s] Level 1:colcon.colcon_core.package_identification:_identify(build) by extensions ['ignore', 'ignore_ament_install']
[4.240s] Level 1:colcon.colcon_core.package_identification:_identify(build) by extension 'ignore'
[4.240s] Level 1:colcon.colcon_core.package_identification:_identify(build) ignored
[4.240s] Level 1:colcon.colcon_core.package_identification:_identify(install) by extensions ['ignore', 'ignore_ament_install']
[4.240s] Level 1:colcon.colcon_core.package_identification:_identify(install) by extension 'ignore'
[4.240s] Level 1:colcon.colcon_core.package_identification:_identify(install) ignored
[4.241s] Level 1:colcon.colcon_core.package_identification:_identify(log) by extensions ['ignore', 'ignore_ament_install']
[4.241s] Level 1:colcon.colcon_core.package_identification:_identify(log) by extension 'ignore'
[4.241s] Level 1:colcon.colcon_core.package_identification:_identify(log) ignored
[4.241s] Level 1:colcon.colcon_core.package_identification:_identify(src) by extensions ['ignore', 'ignore_ament_install']
[4.241s] Level 1:colcon.colcon_core.package_identification:_identify(src) by extension 'ignore'
[4.241s] Level 1:colcon.colcon_core.package_identification:_identify(src) by extension 'ignore_ament_install'
[4.241s] Level 1:colcon.colcon_core.package_identification:_identify(src) by extensions ['colcon_pkg']
[4.241s] Level 1:colcon.colcon_core.package_identification:_identify(src) by extension 'colcon_pkg'
[4.241s] Level 1:colcon.colcon_core.package_identification:_identify(src) by extensions ['colcon_meta']
[4.241s] Level 1:colcon.colcon_core.package_identification:_identify(src) by extension 'colcon_meta'
[4.241s] Level 1:colcon.colcon_core.package_identification:_identify(src) by extensions ['ros']
[4.241s] Level 1:colcon.colcon_core.package_identification:_identify(src) by extension 'ros'
[4.241s] Level 1:colcon.colcon_core.package_identification:_identify(src) by extensions ['cmake', 'python']
[4.241s] Level 1:colcon.colcon_core.package_identification:_identify(src) by extension 'cmake'
[4.241s] Level 1:colcon.colcon_core.package_identification:_identify(src) by extension 'python'
[4.241s] Level 1:colcon.colcon_core.package_identification:_identify(src) by extensions ['python_setup_py']
[4.241s] Level 1:colcon.colcon_core.package_identification:_identify(src) by extension 'python_setup_py'
[4.242s] Level 1:colcon.colcon_core.package_identification:_identify(src/mac_messages) by extensions ['ignore', 'ignore_ament_install']
[4.242s] Level 1:colcon.colcon_core.package_identification:_identify(src/mac_messages) by extension 'ignore'
[4.242s] Level 1:colcon.colcon_core.package_identification:_identify(src/mac_messages) by extension 'ignore_ament_install'
[4.242s] Level 1:colcon.colcon_core.package_identification:_identify(src/mac_messages) by extensions ['colcon_pkg']
[4.242s] Level 1:colcon.colcon_core.package_identification:_identify(src/mac_messages) by extension 'colcon_pkg'
[4.242s] Level 1:colcon.colcon_core.package_identification:_identify(src/mac_messages) by extensions ['colcon_meta']
[4.242s] Level 1:colcon.colcon_core.package_identification:_identify(src/mac_messages) by extension 'colcon_meta'
[4.242s] Level 1:colcon.colcon_core.package_identification:_identify(src/mac_messages) by extensions ['ros']
[4.242s] Level 1:colcon.colcon_core.package_identification:_identify(src/mac_messages) by extension 'ros'
[4.301s] DEBUG:colcon.colcon_core.package_identification:Package 'src/mac_messages' with type 'ros.ament_cmake' and name 'mac_messages'
[4.301s] Level 1:colcon.colcon_core.package_identification:_identify(src/macnav_description) by extensions ['ignore', 'ignore_ament_install']
[4.302s] Level 1:colcon.colcon_core.package_identification:_identify(src/macnav_description) by extension 'ignore'
[4.302s] Level 1:colcon.colcon_core.package_identification:_identify(src/macnav_description) by extension 'ignore_ament_install'
[4.302s] Level 1:colcon.colcon_core.package_identification:_identify(src/macnav_description) by extensions ['colcon_pkg']
[4.302s] Level 1:colcon.colcon_core.package_identification:_identify(src/macnav_description) by extension 'colcon_pkg'
[4.303s] Level 1:colcon.colcon_core.package_identification:_identify(src/macnav_description) by extensions ['colcon_meta']
[4.303s] Level 1:colcon.colcon_core.package_identification:_identify(src/macnav_description) by extension 'colcon_meta'
[4.303s] Level 1:colcon.colcon_core.package_identification:_identify(src/macnav_description) by extensions ['ros']
[4.303s] Level 1:colcon.colcon_core.package_identification:_identify(src/macnav_description) by extension 'ros'
[4.304s] DEBUG:colcon.colcon_core.package_identification:Package 'src/macnav_description' with type 'ros.ament_cmake' and name 'macnav_description'
[4.305s] Level 1:colcon.colcon_core.package_identification:_identify(src/manual_control) by extensions ['ignore', 'ignore_ament_install']
[4.305s] Level 1:colcon.colcon_core.package_identification:_identify(src/manual_control) by extension 'ignore'
[4.305s] Level 1:colcon.colcon_core.package_identification:_identify(src/manual_control) by extension 'ignore_ament_install'
[4.306s] Level 1:colcon.colcon_core.package_identification:_identify(src/manual_control) by extensions ['colcon_pkg']
[4.306s] Level 1:colcon.colcon_core.package_identification:_identify(src/manual_control) by extension 'colcon_pkg'
[4.306s] Level 1:colcon.colcon_core.package_identification:_identify(src/manual_control) by extensions ['colcon_meta']
[4.306s] Level 1:colcon.colcon_core.package_identification:_identify(src/manual_control) by extension 'colcon_meta'
[4.306s] Level 1:colcon.colcon_core.package_identification:_identify(src/manual_control) by extensions ['ros']
[4.306s] Level 1:colcon.colcon_core.package_identification:_identify(src/manual_control) by extension 'ros'
[4.308s] DEBUG:colcon.colcon_core.package_identification:Package 'src/manual_control' with type 'ros.ament_python' and name 'manual_control'
[4.308s] Level 1:colcon.colcon_core.package_discovery:discover_packages(recursive) using defaults
[4.308s] Level 1:colcon.colcon_core.package_discovery:discover_packages(ignore) discover
[4.308s] Level 1:colcon.colcon_core.package_discovery:discover_packages(ignore) using defaults
[4.308s] Level 1:colcon.colcon_core.package_discovery:discover_packages(path) discover
[4.308s] Level 1:colcon.colcon_core.package_discovery:discover_packages(path) using defaults
[4.502s] Level 1:colcon.colcon_core.package_discovery:discover_packages(prefix_path) check parameters
[4.502s] Level 1:colcon.colcon_core.package_discovery:discover_packages(prefix_path) discover
[4.532s] DEBUG:colcon.colcon_installed_package_information.package_discovery:Found 273 installed packages in /opt/ros/humble
[4.533s] Level 1:colcon.colcon_core.package_discovery:discover_packages(prefix_path) using defaults
[4.648s] Level 5:colcon.colcon_core.verb:set package 'mac_messages' build argument 'cmake_args' from command line to 'None'
[4.648s] Level 5:colcon.colcon_core.verb:set package 'mac_messages' build argument 'cmake_target' from command line to 'None'
[4.648s] Level 5:colcon.colcon_core.verb:set package 'mac_messages' build argument 'cmake_target_skip_unavailable' from command line to 'False'
[4.648s] Level 5:colcon.colcon_core.verb:set package 'mac_messages' build argument 'cmake_clean_cache' from command line to 'False'
[4.648s] Level 5:colcon.colcon_core.verb:set package 'mac_messages' build argument 'cmake_clean_first' from command line to 'False'
[4.648s] Level 5:colcon.colcon_core.verb:set package 'mac_messages' build argument 'cmake_force_configure' from command line to 'False'
[4.648s] Level 5:colcon.colcon_core.verb:set package 'mac_messages' build argument 'ament_cmake_args' from command line to 'None'
[4.648s] Level 5:colcon.colcon_core.verb:set package 'mac_messages' build argument 'catkin_cmake_args' from command line to 'None'
[4.648s] Level 5:colcon.colcon_core.verb:set package 'mac_messages' build argument 'catkin_skip_building_tests' from command line to 'False'
[4.648s] DEBUG:colcon.colcon_core.verb:Building package 'mac_messages' with the following arguments: {'ament_cmake_args': None, 'build_base': '/home/dan/MacEwan-Navigation-Bot/remote_setup/ws/build/mac_messages', 'catkin_cmake_args': None, 'catkin_skip_building_tests': False, 'cmake_args': None, 'cmake_clean_cache': False, 'cmake_clean_first': False, 'cmake_force_configure': False, 'cmake_target': None, 'cmake_target_skip_unavailable': False, 'install_base': '/home/dan/MacEwan-Navigation-Bot/remote_setup/ws/install/mac_messages', 'merge_install': False, 'path': '/home/dan/MacEwan-Navigation-Bot/remote_setup/ws/src/mac_messages', 'symlink_install': False, 'test_result_base': None}
[4.662s] Level 5:colcon.colcon_core.verb:set package 'macnav_description' build argument 'cmake_args' from command line to 'None'
[4.662s] Level 5:colcon.colcon_core.verb:set package 'macnav_description' build argument 'cmake_target' from command line to 'None'
[4.662s] Level 5:colcon.colcon_core.verb:set package 'macnav_description' build argument 'cmake_target_skip_unavailable' from command line to 'False'
[4.662s] Level 5:colcon.colcon_core.verb:set package 'macnav_description' build argument 'cmake_clean_cache' from command line to 'False'
[4.662s] Level 5:colcon.colcon_core.verb:set package 'macnav_description' build argument 'cmake_clean_first' from command line to 'False'
[4.662s] Level 5:colcon.colcon_core.verb:set package 'macnav_description' build argument 'cmake_force_configure' from command line to 'False'
[4.662s] Level 5:colcon.colcon_core.verb:set package 'macnav_description' build argument 'ament_cmake_args' from command line to 'None'
[4.662s] Level 5:colcon.colcon_core.verb:set package 'macnav_description' build argument 'catkin_cmake_args' from command line to 'None'
[4.662s] Level 5:colcon.colcon_core.verb:set package 'macnav_description' build argument 'catkin_skip_building_tests' from command line to 'False'
[4.662s] DEBUG:colcon.colcon_core.verb:Building package 'macnav_description' with the following arguments: {'ament_cmake_args': None, 'build_base': '/home/dan/MacEwan-Navigation-Bot/remote_setup/ws/build/macnav_description', 'catkin_cmake_args': None, 'catkin_skip_building_tests': False, 'cmake_args': None, 'cmake_clean_cache': False, 'cmake_clean_first': False, 'cmake_force_configure': False, 'cmake_target': None, 'cmake_target_skip_unavailable': False, 'install_base': '/home/dan/MacEwan-Navigation-Bot/remote_setup/ws/install/macnav_description', 'merge_install': False, 'path': '/home/dan/MacEwan-Navigation-Bot/remote_setup/ws/src/macnav_description', 'symlink_install': False, 'test_result_base': None}
[4.676s] Level 5:colcon.colcon_core.verb:set package 'manual_control' build argument 'cmake_args' from command line to 'None'
[4.676s] Level 5:colcon.colcon_core.verb:set package 'manual_control' build argument 'cmake_target' from command line to 'None'
[4.676s] Level 5:colcon.colcon_core.verb:set package 'manual_control' build argument 'cmake_target_skip_unavailable' from command line to 'False'
[4.676s] Level 5:colcon.colcon_core.verb:set package 'manual_control' build argument 'cmake_clean_cache' from command line to 'False'
[4.676s] Level 5:colcon.colcon_core.verb:set package 'manual_control' build argument 'cmake_clean_first' from command line to 'False'
[4.676s] Level 5:colcon.colcon_core.verb:set package 'manual_control' build argument 'cmake_force_configure' from command line to 'False'
[4.676s] Level 5:colcon.colcon_core.verb:set package 'manual_control' build argument 'ament_cmake_args' from command line to 'None'
[4.676s] Level 5:colcon.colcon_core.verb:set package 'manual_control' build argument 'catkin_cmake_args' from command line to 'None'
[4.676s] Level 5:colcon.colcon_core.verb:set package 'manual_control' build argument 'catkin_skip_building_tests' from command line to 'False'
[4.676s] DEBUG:colcon.colcon_core.verb:Building package 'manual_control' with the following arguments: {'ament_cmake_args': None, 'build_base': '/home/dan/MacEwan-Navigation-Bot/remote_setup/ws/build/manual_control', 'catkin_cmake_args': None, 'catkin_skip_building_tests': False, 'cmake_args': None, 'cmake_clean_cache': False, 'cmake_clean_first': False, 'cmake_force_configure': False, 'cmake_target': None, 'cmake_target_skip_unavailable': False, 'install_base': '/home/dan/MacEwan-Navigation-Bot/remote_setup/ws/install/manual_control', 'merge_install': False, 'path': '/home/dan/MacEwan-Navigation-Bot/remote_setup/ws/src/manual_control', 'symlink_install': False, 'test_result_base': None}
[4.689s] INFO:colcon.colcon_core.executor:Executing jobs using 'parallel' executor
[4.703s] DEBUG:colcon.colcon_parallel_executor.executor.parallel:run_until_complete
[4.703s] INFO:colcon.colcon_ros.task.ament_cmake.build:Building ROS package in '/home/dan/MacEwan-Navigation-Bot/remote_setup/ws/src/mac_messages' with build type 'ament_cmake'
[4.703s] INFO:colcon.colcon_cmake.task.cmake.build:Building CMake package in '/home/dan/MacEwan-Navigation-Bot/remote_setup/ws/src/mac_messages'
[4.722s] INFO:colcon.colcon_core.plugin_system:Skipping extension 'colcon_core.shell.bat': Not used on non-Windows systems
[4.722s] INFO:colcon.colcon_core.shell:Skip shell extension 'powershell' for command environment: Not usable outside of PowerShell
[4.722s] DEBUG:colcon.colcon_core.shell:Skip shell extension 'dsv' for command environment
[4.785s] INFO:colcon.colcon_ros.task.ament_cmake.build:Building ROS package in '/home/dan/MacEwan-Navigation-Bot/remote_setup/ws/src/macnav_description' with build type 'ament_cmake'
[4.785s] INFO:colcon.colcon_cmake.task.cmake.build:Building CMake package in '/home/dan/MacEwan-Navigation-Bot/remote_setup/ws/src/macnav_description'
[4.800s] INFO:colcon.colcon_core.shell:Skip shell extension 'powershell' for command environment: Not usable outside of PowerShell
[4.800s] DEBUG:colcon.colcon_core.shell:Skip shell extension 'dsv' for command environment
[4.863s] ERROR:colcon.colcon_core.shell:Exception in shell extension 'sh': [Errno 13] Permission denied: '/home/dan/MacEwan-Navigation-Bot/remote_setup/ws/build/macnav_description/colcon_command_prefix_build.sh'
Traceback (most recent call last):
  File "/usr/lib/python3/dist-packages/colcon_core/shell/__init__.py", line 306, in get_command_environment
    return await extension.generate_command_environment(
  File "/usr/lib/python3/dist-packages/colcon_core/shell/sh.py", line 148, in generate_command_environment
    expand_template(
  File "/usr/lib/python3/dist-packages/colcon_core/shell/template/__init__.py", line 54, in expand_template
    with destination_path.open('w') as h:
  File "/usr/lib/python3.10/pathlib.py", line 1119, in open
    return self._accessor.open(self, mode, buffering, encoding, errors,
PermissionError: [Errno 13] Permission denied: '/home/dan/MacEwan-Navigation-Bot/remote_setup/ws/build/macnav_description/colcon_command_prefix_build.sh'

[4.863s] DEBUG:colcon.colcon_core.shell:Skip shell extension 'bash' for command environment
[4.864s] DEBUG:colcon.colcon_core.shell:Skip shell extension 'zsh' for command environment
[4.864s] ERROR:colcon.colcon_cmake.task.cmake.build:Could not find a shell extension for the command environment
[4.889s] DEBUG:colcon.colcon_core.event_handler.log_command:Invoking command in '/home/dan/MacEwan-Navigation-Bot/remote_setup/ws/build/mac_messages': CMAKE_PREFIX_PATH=/opt/ros/humble /usr/bin/cmake --build /home/dan/MacEwan-Navigation-Bot/remote_setup/ws/build/mac_messages -- -j12 -l12
[4.961s] Level 1:colcon.colcon_core.environment:create_environment_scripts_only(macnav_description)
[5.002s] Level 1:colcon.colcon_core.environment:checking '/home/dan/MacEwan-Navigation-Bot/remote_setup/ws/install/macnav_description' for CMake module files
[5.003s] Level 1:colcon.colcon_core.environment:checking '/home/dan/MacEwan-Navigation-Bot/remote_setup/ws/install/macnav_description' for CMake config files
[5.003s] Level 1:colcon.colcon_core.shell:create_environment_hook('macnav_description', 'cmake_prefix_path')
[5.017s] INFO:colcon.colcon_core.shell:Creating environment hook '/home/dan/MacEwan-Navigation-Bot/remote_setup/ws/install/macnav_description/share/macnav_description/hook/cmake_prefix_path.ps1'
[5.018s] ERROR:colcon.colcon_core.shell:Exception in shell extension 'powershell': [Errno 13] Permission denied: '/home/dan/MacEwan-Navigation-Bot/remote_setup/ws/install/macnav_description/share/macnav_description/hook/cmake_prefix_path.ps1'
Traceback (most recent call last):
  File "/usr/lib/python3/dist-packages/colcon_core/shell/__init__.py", line 425, in create_environment_hook
    hook = extension.create_hook_prepend_value(
  File "/usr/lib/python3/dist-packages/colcon_powershell/shell/powershell.py", line 148, in create_hook_prepend_value
    expand_template(
  File "/usr/lib/python3/dist-packages/colcon_core/shell/template/__init__.py", line 54, in expand_template
    with destination_path.open('w') as h:
  File "/usr/lib/python3.10/pathlib.py", line 1119, in open
    return self._accessor.open(self, mode, buffering, encoding, errors,
PermissionError: [Errno 13] Permission denied: '/home/dan/MacEwan-Navigation-Bot/remote_setup/ws/install/macnav_description/share/macnav_description/hook/cmake_prefix_path.ps1'

[5.018s] INFO:colcon.colcon_core.shell:Creating environment descriptor '/home/dan/MacEwan-Navigation-Bot/remote_setup/ws/install/macnav_description/share/macnav_description/hook/cmake_prefix_path.dsv'
[5.020s] ERROR:colcon.colcon_core.shell:Exception in shell extension 'dsv': [Errno 13] Permission denied: '/home/dan/MacEwan-Navigation-Bot/remote_setup/ws/install/macnav_description/share/macnav_description/hook/cmake_prefix_path.dsv'
Traceback (most recent call last):
  File "/usr/lib/python3/dist-packages/colcon_core/shell/__init__.py", line 425, in create_environment_hook
    hook = extension.create_hook_prepend_value(
  File "/usr/lib/python3/dist-packages/colcon_core/shell/dsv.py", line 75, in create_hook_prepend_value
    expand_template(
  File "/usr/lib/python3/dist-packages/colcon_core/shell/template/__init__.py", line 54, in expand_template
    with destination_path.open('w') as h:
  File "/usr/lib/python3.10/pathlib.py", line 1119, in open
    return self._accessor.open(self, mode, buffering, encoding, errors,
PermissionError: [Errno 13] Permission denied: '/home/dan/MacEwan-Navigation-Bot/remote_setup/ws/install/macnav_description/share/macnav_description/hook/cmake_prefix_path.dsv'

[5.020s] INFO:colcon.colcon_core.shell:Creating environment hook '/home/dan/MacEwan-Navigation-Bot/remote_setup/ws/install/macnav_description/share/macnav_description/hook/cmake_prefix_path.sh'
[5.020s] ERROR:colcon.colcon_core.shell:Exception in shell extension 'sh': [Errno 13] Permission denied: '/home/dan/MacEwan-Navigation-Bot/remote_setup/ws/install/macnav_description/share/macnav_description/hook/cmake_prefix_path.sh'
Traceback (most recent call last):
  File "/usr/lib/python3/dist-packages/colcon_core/shell/__init__.py", line 425, in create_environment_hook
    hook = extension.create_hook_prepend_value(
  File "/usr/lib/python3/dist-packages/colcon_core/shell/sh.py", line 127, in create_hook_prepend_value
    expand_template(
  File "/usr/lib/python3/dist-packages/colcon_core/shell/template/__init__.py", line 54, in expand_template
    with destination_path.open('w') as h:
  File "/usr/lib/python3.10/pathlib.py", line 1119, in open
    return self._accessor.open(self, mode, buffering, encoding, errors,
PermissionError: [Errno 13] Permission denied: '/home/dan/MacEwan-Navigation-Bot/remote_setup/ws/install/macnav_description/share/macnav_description/hook/cmake_prefix_path.sh'

[5.021s] ERROR:colcon.colcon_core.environment:Exception in environment extension 'cmake_prefix_path': Could not find a primary shell extension for creating an environment hook
Traceback (most recent call last):
  File "/usr/lib/python3/dist-packages/colcon_core/environment/__init__.py", line 191, in create_environment_hooks
    hooks = extension.create_environment_hooks(prefix_path, pkg_name)
  File "/usr/lib/python3/dist-packages/colcon_cmake/environment/cmake_prefix_path.py", line 28, in create_environment_hooks
    hooks += create_environment_hook(
  File "/usr/lib/python3/dist-packages/colcon_core/shell/__init__.py", line 444, in create_environment_hook
    raise RuntimeError(
RuntimeError: Could not find a primary shell extension for creating an environment hook

[5.021s] Level 1:colcon.colcon_core.environment:checking '/home/dan/MacEwan-Navigation-Bot/remote_setup/ws/install/macnav_description/bin'
[5.021s] Level 1:colcon.colcon_core.environment:checking '/home/dan/MacEwan-Navigation-Bot/remote_setup/ws/install/macnav_description/lib/pkgconfig/macnav_description.pc'
[5.022s] Level 1:colcon.colcon_core.environment:checking '/home/dan/MacEwan-Navigation-Bot/remote_setup/ws/install/macnav_description/lib/python3.10/site-packages'
[5.022s] Level 1:colcon.colcon_core.environment:checking '/home/dan/MacEwan-Navigation-Bot/remote_setup/ws/install/macnav_description/bin'
[5.036s] INFO:colcon.colcon_core.shell:Creating package script '/home/dan/MacEwan-Navigation-Bot/remote_setup/ws/install/macnav_description/share/macnav_description/package.ps1'
[5.037s] ERROR:colcon.colcon_core.environment:Exception in shell extension 'powershell': [Errno 13] Permission denied: '/home/dan/MacEwan-Navigation-Bot/remote_setup/ws/install/macnav_description/share/macnav_description/package.ps1'
Traceback (most recent call last):
  File "/usr/lib/python3/dist-packages/colcon_core/environment/__init__.py", line 139, in create_environment_scripts_only
    scripts = extension.create_package_script(
  File "/usr/lib/python3/dist-packages/colcon_powershell/shell/powershell.py", line 117, in create_package_script
    expand_template(
  File "/usr/lib/python3/dist-packages/colcon_core/shell/template/__init__.py", line 54, in expand_template
    with destination_path.open('w') as h:
  File "/usr/lib/python3.10/pathlib.py", line 1119, in open
    return self._accessor.open(self, mode, buffering, encoding, errors,
PermissionError: [Errno 13] Permission denied: '/home/dan/MacEwan-Navigation-Bot/remote_setup/ws/install/macnav_description/share/macnav_description/package.ps1'

[5.037s] INFO:colcon.colcon_core.shell:Creating package descriptor '/home/dan/MacEwan-Navigation-Bot/remote_setup/ws/install/macnav_description/share/macnav_description/package.dsv'
[5.038s] ERROR:colcon.colcon_core.environment:Exception in shell extension 'dsv': [Errno 13] Permission denied: '/home/dan/MacEwan-Navigation-Bot/remote_setup/ws/install/macnav_description/share/macnav_description/package.dsv'
Traceback (most recent call last):
  File "/usr/lib/python3/dist-packages/colcon_core/environment/__init__.py", line 139, in create_environment_scripts_only
    scripts = extension.create_package_script(
  File "/usr/lib/python3/dist-packages/colcon_core/shell/dsv.py", line 30, in create_package_script
    expand_template(
  File "/usr/lib/python3/dist-packages/colcon_core/shell/template/__init__.py", line 54, in expand_template
    with destination_path.open('w') as h:
  File "/usr/lib/python3.10/pathlib.py", line 1119, in open
    return self._accessor.open(self, mode, buffering, encoding, errors,
PermissionError: [Errno 13] Permission denied: '/home/dan/MacEwan-Navigation-Bot/remote_setup/ws/install/macnav_description/share/macnav_description/package.dsv'

[5.038s] INFO:colcon.colcon_core.shell:Creating package script '/home/dan/MacEwan-Navigation-Bot/remote_setup/ws/install/macnav_description/share/macnav_description/package.sh'
[5.039s] ERROR:colcon.colcon_core.environment:Exception in shell extension 'sh': [Errno 13] Permission denied: '/home/dan/MacEwan-Navigation-Bot/remote_setup/ws/install/macnav_description/share/macnav_description/package.sh'
Traceback (most recent call last):
  File "/usr/lib/python3/dist-packages/colcon_core/environment/__init__.py", line 139, in create_environment_scripts_only
    scripts = extension.create_package_script(
  File "/usr/lib/python3/dist-packages/colcon_core/shell/sh.py", line 83, in create_package_script
    expand_template(
  File "/usr/lib/python3/dist-packages/colcon_core/shell/template/__init__.py", line 54, in expand_template
    with destination_path.open('w') as h:
  File "/usr/lib/python3.10/pathlib.py", line 1119, in open
    return self._accessor.open(self, mode, buffering, encoding, errors,
PermissionError: [Errno 13] Permission denied: '/home/dan/MacEwan-Navigation-Bot/remote_setup/ws/install/macnav_description/share/macnav_description/package.sh'

[5.039s] INFO:colcon.colcon_core.shell:Creating package script '/home/dan/MacEwan-Navigation-Bot/remote_setup/ws/install/macnav_description/share/macnav_description/package.bash'
[5.040s] ERROR:colcon.colcon_core.environment:Exception in shell extension 'bash': [Errno 13] Permission denied: '/home/dan/MacEwan-Navigation-Bot/remote_setup/ws/install/macnav_description/share/macnav_description/package.bash'
Traceback (most recent call last):
  File "/usr/lib/python3/dist-packages/colcon_core/environment/__init__.py", line 139, in create_environment_scripts_only
    scripts = extension.create_package_script(
  File "/usr/lib/python3/dist-packages/colcon_bash/shell/bash.py", line 63, in create_package_script
    expand_template(
  File "/usr/lib/python3/dist-packages/colcon_core/shell/template/__init__.py", line 54, in expand_template
    with destination_path.open('w') as h:
  File "/usr/lib/python3.10/pathlib.py", line 1119, in open
    return self._accessor.open(self, mode, buffering, encoding, errors,
PermissionError: [Errno 13] Permission denied: '/home/dan/MacEwan-Navigation-Bot/remote_setup/ws/install/macnav_description/share/macnav_description/package.bash'

[5.040s] INFO:colcon.colcon_core.shell:Creating package script '/home/dan/MacEwan-Navigation-Bot/remote_setup/ws/install/macnav_description/share/macnav_description/package.zsh'
[5.041s] ERROR:colcon.colcon_core.environment:Exception in shell extension 'zsh': [Errno 13] Permission denied: '/home/dan/MacEwan-Navigation-Bot/remote_setup/ws/install/macnav_description/share/macnav_description/package.zsh'
Traceback (most recent call last):
  File "/usr/lib/python3/dist-packages/colcon_core/environment/__init__.py", line 139, in create_environment_scripts_only
    scripts = extension.create_package_script(
  File "/usr/lib/python3/dist-packages/colcon_zsh/shell/zsh.py", line 63, in create_package_script
    expand_template(
  File "/usr/lib/python3/dist-packages/colcon_core/shell/template/__init__.py", line 54, in expand_template
    with destination_path.open('w') as h:
  File "/usr/lib/python3.10/pathlib.py", line 1119, in open
    return self._accessor.open(self, mode, buffering, encoding, errors,
PermissionError: [Errno 13] Permission denied: '/home/dan/MacEwan-Navigation-Bot/remote_setup/ws/install/macnav_description/share/macnav_description/package.zsh'

[5.041s] Level 1:colcon.colcon_core.environment:create_file_with_runtime_dependencies(/home/dan/MacEwan-Navigation-Bot/remote_setup/ws/install/macnav_description/share/colcon-core/packages/macnav_description)
[5.045s] ERROR:colcon.colcon_core.event_reactor:Exception in event handler extension 'store_result': [Errno 13] Permission denied: '/home/dan/MacEwan-Navigation-Bot/remote_setup/ws/build/macnav_description/colcon_build.rc'
Traceback (most recent call last):
  File "/usr/lib/python3/dist-packages/colcon_core/event_reactor.py", line 78, in _notify_observers
    retval = observer(event)
  File "/usr/lib/python3/dist-packages/colcon_package_selection/package_selection/previous/event_handler.py", line 53, in __call__
    set_result(job.task_context.args.build_base, verb_name, result)
  File "/usr/lib/python3/dist-packages/colcon_package_selection/package_selection/previous/__init__.py", line 36, in set_result
    path.write_text(str(result) + '\n')
  File "/usr/lib/python3.10/pathlib.py", line 1154, in write_text
    with self.open(mode='w', encoding=encoding, errors=errors, newline=newline) as f:
  File "/usr/lib/python3.10/pathlib.py", line 1119, in open
    return self._accessor.open(self, mode, buffering, encoding, errors,
PermissionError: [Errno 13] Permission denied: '/home/dan/MacEwan-Navigation-Bot/remote_setup/ws/build/macnav_description/colcon_build.rc'

[5.054s] DEBUG:colcon.colcon_parallel_executor.executor.parallel:closing loop
[5.055s] DEBUG:colcon.colcon_parallel_executor.executor.parallel:loop closed
[5.055s] DEBUG:colcon.colcon_parallel_executor.executor.parallel:run_until_complete finished with '[Errno 13] Permission denied: '/home/dan/MacEwan-Navigation-Bot/remote_setup/ws/install/macnav_description/share/colcon-core/packages/macnav_description''
[5.055s] DEBUG:colcon.colcon_core.event_reactor:joining thread
[5.075s] INFO:colcon.colcon_core.plugin_system:Skipping extension 'colcon_notification.desktop_notification.terminal_notifier': Not used on non-Darwin systems
[5.075s] INFO:colcon.colcon_core.plugin_system:Skipping extension 'colcon_notification.desktop_notification.win32': Not used on non-Windows systems
[5.075s] INFO:colcon.colcon_notification.desktop_notification:Sending desktop notification using 'notify2'
[5.108s] DEBUG:colcon.colcon_core.event_reactor:joined thread
[5.142s] INFO:colcon.colcon_core.shell:Creating prefix script '/home/dan/MacEwan-Navigation-Bot/remote_setup/ws/install/local_setup.ps1'
[5.143s] INFO:colcon.colcon_core.shell:Creating prefix util module '/home/dan/MacEwan-Navigation-Bot/remote_setup/ws/install/_local_setup_util_ps1.py'
[5.145s] INFO:colcon.colcon_core.shell:Creating prefix chain script '/home/dan/MacEwan-Navigation-Bot/remote_setup/ws/install/setup.ps1'
[5.160s] INFO:colcon.colcon_core.shell:Creating prefix script '/home/dan/MacEwan-Navigation-Bot/remote_setup/ws/install/local_setup.sh'
[5.161s] INFO:colcon.colcon_core.shell:Creating prefix util module '/home/dan/MacEwan-Navigation-Bot/remote_setup/ws/install/_local_setup_util_sh.py'
[5.161s] INFO:colcon.colcon_core.shell:Creating prefix chain script '/home/dan/MacEwan-Navigation-Bot/remote_setup/ws/install/setup.sh'
[5.178s] INFO:colcon.colcon_core.shell:Creating prefix script '/home/dan/MacEwan-Navigation-Bot/remote_setup/ws/install/local_setup.bash'
[5.179s] INFO:colcon.colcon_core.shell:Creating prefix chain script '/home/dan/MacEwan-Navigation-Bot/remote_setup/ws/install/setup.bash'
[5.193s] INFO:colcon.colcon_core.shell:Creating prefix script '/home/dan/MacEwan-Navigation-Bot/remote_setup/ws/install/local_setup.zsh'
[5.195s] INFO:colcon.colcon_core.shell:Creating prefix chain script '/home/dan/MacEwan-Navigation-Bot/remote_setup/ws/install/setup.zsh'
